#
# A fatal error has been detected by the Java Runtime Environment:
#
#  EXCEPTION_ACCESS_VIOLATION (0xc0000005) at pc=0x000000005f6b3982, pid=4784, tid=8084
#
# JRE version: Java(TM) SE Runtime Environment (8.0_77-b03) (build 1.8.0_77-b03)
# Java VM: Java HotSpot(TM) 64-Bit Server VM (25.77-b03 mixed mode windows-amd64 compressed oops)
# Problematic frame:
# V  [jvm.dll+0x143982]
#
# Failed to write core dump. Minidumps are not enabled by default on client versions of Windows
#
# If you would like to submit a bug report, please visit:
#   http://bugreport.java.com/bugreport/crash.jsp
#

---------------  T H R E A D  ---------------

Current thread (0x0000000018a70800):  JavaThread "Thread-4" [_thread_in_vm, id=8084, stack(0x0000000019330000,0x0000000019430000)]

siginfo: ExceptionCode=0xc0000005, reading address 0x0000000000000000

Registers:
RAX=0x0000000000000000, RBX=0x0000000018a70800, RCX=0x0000000000000080, RDX=0x0000000000000000
RSP=0x000000001942ede0, RBP=0x0000000000000000, RSI=0x0000000000000000, RDI=0x0000000000000000
R8 =0x0000000000000000, R9 =0x0000000000000000, R10=0x0000000002395e08, R11=0x000000005f7996f0
R12=0x0000000000000000, R13=0x000000001942efa8, R14=0x0000000000000000, R15=0x0000000018a70800
RIP=0x000000005f6b3982, EFLAGS=0x0000000000010202

Top of Stack: (sp=0x000000001942ede0)
0x000000001942ede0:   0000000000000000 0000000000000001
0x000000001942edf0:   0000000016970cb0 0000000018a70800
0x000000001942ee00:   0000000018a70800 0000000000000000
0x000000001942ee10:   0000000016970cb0 0000000000000000
0x000000001942ee20:   000000001942eee0 000000005f749c47
0x000000001942ee30:   000000001942eee0 00007ffc2d5e3880
0x000000001942ee40:   0000000018a70800 000000001942eeb0
0x000000001942ee50:   0000000018a709f8 00007ffc2d5e38d8
0x000000001942ee60:   000000001942ef80 0000000000000000
0x000000001942ee70:   0000000016970cb0 0000000016970cb0
0x000000001942ee80:   0000000000000000 000000005f62a496
0x000000001942ee90:   0000000018a709f8 fffffffffffffffe
0x000000001942eea0:   0000000016970cb0 000000005f69b3d4
0x000000001942eeb0:   0000000016970cb0 0000000018a70800
0x000000001942eec0:   0000000016970cb0 0000000018a70800
0x000000001942eed0:   0000000000000000 00009847581c07ce 

Instructions: (pc=0x000000005f6b3982)
0x000000005f6b3962:   89 5c 24 20 48 89 74 24 28 48 39 73 08 74 0a 48
0x000000005f6b3972:   8d 4c 24 20 e8 c5 5b 13 00 40 38 35 3e d9 6b 00
0x000000005f6b3982:   48 8b 3f 48 63 05 40 53 6a 00 74 1b 8b 0c 38 85
0x000000005f6b3992:   c9 74 7c 8b c1 8b 0d e3 2d 65 00 48 d3 e0 48 03 


Register to memory mapping:

RAX=0x0000000000000000 is an unknown value
RBX=0x0000000018a70800 is a thread
RCX=0x0000000000000080 is an unknown value
RDX=0x0000000000000000 is an unknown value
RSP=0x000000001942ede0 is pointing into the stack for thread: 0x0000000018a70800
RBP=0x0000000000000000 is an unknown value
RSI=0x0000000000000000 is an unknown value
RDI=0x0000000000000000 is an unknown value
R8 =0x0000000000000000 is an unknown value
R9 =0x0000000000000000 is an unknown value
R10=0x0000000002395e08 is at code_begin+840 in an Interpreter codelet
method entry point (kind = native)  [0x0000000002395ac0, 0x0000000002396420]  2400 bytes
R11=0x000000005f7996f0 is an unknown value
R12=0x0000000000000000 is an unknown value
R13=0x000000001942efa8 is pointing into the stack for thread: 0x0000000018a70800
R14=0x0000000000000000 is an unknown value
R15=0x0000000018a70800 is a thread


Stack: [0x0000000019330000,0x0000000019430000],  sp=0x000000001942ede0,  free space=1019k
Native frames: (J=compiled Java code, j=interpreted, Vv=VM code, C=native code)

Java frames: (J=compiled Java code, j=interpreted, Vv=VM code)
j  com.thalmic.myo.Hub.initialize(Ljava/lang/String;)V+0
j  com.thalmic.myo.Hub.<init>(Ljava/lang/String;)V+15
j  SampleListener.onFrame(Lcom/leapmotion/leap/Controller;)V+5
j  com.leapmotion.leap.LeapJNI.SwigDirector_Listener_onFrame(Lcom/leapmotion/leap/Listener;J)V+10
v  ~StubRoutines::call_stub

---------------  P R O C E S S  ---------------

Java Threads: ( => current thread )
=>0x0000000018a70800 JavaThread "Thread-4" [_thread_in_vm, id=8084, stack(0x0000000019330000,0x0000000019430000)]
  0x0000000018853800 JavaThread "Service Thread" daemon [_thread_blocked, id=8396, stack(0x0000000018c30000,0x0000000018d30000)]
  0x0000000016eff000 JavaThread "C1 CompilerThread2" daemon [_thread_blocked, id=10348, stack(0x0000000018730000,0x0000000018830000)]
  0x0000000016ef8000 JavaThread "C2 CompilerThread1" daemon [_thread_blocked, id=8792, stack(0x0000000018630000,0x0000000018730000)]
  0x0000000016eee000 JavaThread "C2 CompilerThread0" daemon [_thread_blocked, id=2792, stack(0x0000000018530000,0x0000000018630000)]
  0x0000000016eea800 JavaThread "Attach Listener" daemon [_thread_blocked, id=11140, stack(0x0000000018430000,0x0000000018530000)]
  0x0000000016ee9800 JavaThread "Signal Dispatcher" daemon [_thread_blocked, id=10824, stack(0x0000000018330000,0x0000000018430000)]
  0x0000000016eda000 JavaThread "Finalizer" daemon [_thread_blocked, id=8996, stack(0x0000000018150000,0x0000000018250000)]
  0x000000000236f000 JavaThread "Reference Handler" daemon [_thread_blocked, id=2084, stack(0x0000000018050000,0x0000000018150000)]
  0x0000000002280800 JavaThread "main" [_thread_in_native, id=2996, stack(0x00000000020b0000,0x00000000021b0000)]

Other Threads:
  0x0000000016eb8000 VMThread [stack: 0x0000000017f50000,0x0000000018050000] [id=1244]
  0x0000000018856800 WatcherThread [stack: 0x0000000018d30000,0x0000000018e30000] [id=11836]

VM state:not at safepoint (normal execution)

VM Mutex/Monitor currently owned by a thread: None

Heap:
 PSYoungGen      total 38400K, used 5992K [0x00000000d5c00000, 0x00000000d8680000, 0x0000000100000000)
  eden space 33280K, 18% used [0x00000000d5c00000,0x00000000d61da140,0x00000000d7c80000)
  from space 5120K, 0% used [0x00000000d8180000,0x00000000d8180000,0x00000000d8680000)
  to   space 5120K, 0% used [0x00000000d7c80000,0x00000000d7c80000,0x00000000d8180000)
 ParOldGen       total 87552K, used 0K [0x0000000081400000, 0x0000000086980000, 0x00000000d5c00000)
  object space 87552K, 0% used [0x0000000081400000,0x0000000081400000,0x0000000086980000)
 Metaspace       used 4243K, capacity 4704K, committed 4864K, reserved 1056768K
  class space    used 456K, capacity 464K, committed 512K, reserved 1048576K

Card table byte_map: [0x0000000011740000,0x0000000011b40000] byte_map_base: 0x0000000011336000

Marking Bits: (ParMarkBitMap*) 0x000000005fd80600
 Begin Bits: [0x00000000121f0000, 0x00000000141a0000)
 End Bits:   [0x00000000141a0000, 0x0000000016150000)

Polling page: 0x0000000000840000

CodeCache: size=245760Kb used=1331Kb max_used=1343Kb free=244428Kb
 bounds [0x0000000002380000, 0x00000000025f0000, 0x0000000011380000]
 total_blobs=412 nmethods=129 adapters=196
 compilation: enabled

Compilation events (10 events):
Event: 0.232 Thread 0x0000000016eff000 nmethod 124 0x00000000024cb090 code [0x00000000024cb1e0, 0x00000000024cb450]
Event: 0.243 Thread 0x0000000016ef8000 nmethod 123% 0x00000000024ce850 code [0x00000000024ce9a0, 0x00000000024cf0f8]
Event: 0.252 Thread 0x0000000016eff000  125       3       java.util.AbstractMap::<init> (5 bytes)
Event: 0.252 Thread 0x0000000016eff000 nmethod 125 0x00000000024ce490 code [0x00000000024ce5e0, 0x00000000024ce790]
Event: 0.252 Thread 0x0000000016eee000  126 %     4       sun.security.provider.SHA::implCompress @ 364 (491 bytes)
Event: 0.254 Thread 0x0000000016eff000  127       1       java.net.URL::getProtocol (5 bytes)
Event: 0.255 Thread 0x0000000016eff000 nmethod 127 0x00000000024ce1d0 code [0x00000000024ce320, 0x00000000024ce430]
Event: 0.256 Thread 0x0000000016eff000  128       3       java.util.concurrent.ConcurrentHashMap::tabAt (21 bytes)
Event: 0.257 Thread 0x0000000016eff000 nmethod 128 0x00000000024cda10 code [0x00000000024cdb60, 0x00000000024cdd90]
Event: 0.259 Thread 0x0000000016eee000 nmethod 126% 0x00000000024cbdd0 code [0x00000000024cbf20, 0x00000000024cc2f8]

GC Heap History (0 events):
No events

Deoptimization events (0 events):
No events

Internal exceptions (2 events):
Event: 0.050 Thread 0x0000000002280800 Exception <a 'java/lang/NoSuchMethodError': Method sun.misc.Unsafe.defineClass(Ljava/lang/String;[BII)Ljava/lang/Class; name or signature does not match> (0x00000000d5c07cc0) thrown at [D:\re\workspace\8-2-build-windows-amd64-cygwin\jdk8u77\6540\hotspot\sr`;báù©?
Event: 0.050 Thread 0x0000000002280800 Exception <a 'java/lang/NoSuchMethodError': Method sun.misc.Unsafe.prefetchRead(Ljava/lang/Object;J)V name or signature does not match> (0x00000000d5c07fa8) thrown at [D:\re\workspace\8-2-build-windows-amd64-cygwin\jdk8u77\6540\hotspot\src\share\vm\prims\j

Events (10 events):
Event: 0.251 loading class com/leapmotion/leap/Gesture$Type
Event: 0.251 loading class com/leapmotion/leap/Gesture$Type done
Event: 0.252 loading class com/leapmotion/leap/Gesture$Type$SwigNext
Event: 0.252 loading class com/leapmotion/leap/Gesture$Type$SwigNext done
Event: 0.254 Thread 0x0000000018a70800 Thread exited: 0x0000000018a70800
Event: 0.254 Thread 0x0000000018a70800 Thread added: 0x0000000018a70800
Event: 0.254 Thread 0x0000000018a70800 Thread exited: 0x0000000018a70800
Event: 0.254 Thread 0x0000000018a70800 Thread added: 0x0000000018a70800
Event: 0.254 loading class com/thalmic/myo/Hub
Event: 0.254 loading class com/thalmic/myo/Hub done


Dynamic libraries:
0x00007ff7aba40000 - 0x00007ff7aba77000 	C:\Program Files\Java\jre1.8.0_77\bin\javaw.exe
0x00007ffc39c80000 - 0x00007ffc39e41000 	C:\WINDOWS\SYSTEM32\ntdll.dll
0x00007ffc37ca0000 - 0x00007ffc37d4d000 	C:\WINDOWS\system32\KERNEL32.DLL
0x00007ffc36600000 - 0x00007ffc367e8000 	C:\WINDOWS\system32\KERNELBASE.dll
0x00007ffc39560000 - 0x00007ffc39607000 	C:\WINDOWS\system32\ADVAPI32.dll
0x00007ffc398e0000 - 0x00007ffc3997d000 	C:\WINDOWS\system32\msvcrt.dll
0x00007ffc39980000 - 0x00007ffc399db000 	C:\WINDOWS\system32\sechost.dll
0x00007ffc39680000 - 0x00007ffc3979c000 	C:\WINDOWS\system32\RPCRT4.dll
0x00007ffc37ad0000 - 0x00007ffc37c26000 	C:\WINDOWS\system32\USER32.dll
0x00007ffc37210000 - 0x00007ffc37396000 	C:\WINDOWS\system32\GDI32.dll
0x00007ffc277f0000 - 0x00007ffc27a64000 	C:\WINDOWS\WinSxS\amd64_microsoft.windows.common-controls_6595b64144ccf1df_6.0.10586.0_none_8c15ae12515e1c22\COMCTL32.dll
0x00007ffc373b0000 - 0x00007ffc3762d000 	C:\WINDOWS\system32\combase.dll
0x00007ffc37010000 - 0x00007ffc3707a000 	C:\WINDOWS\system32\bcryptPrimitives.dll
0x00007ffc39a90000 - 0x00007ffc39acb000 	C:\WINDOWS\system32\IMM32.DLL
0x0000000060be0000 - 0x0000000060cb2000 	C:\Program Files\Java\jre1.8.0_77\bin\msvcr100.dll
0x000000005f570000 - 0x000000005fe00000 	C:\Program Files\Java\jre1.8.0_77\bin\server\jvm.dll
0x00007ffc37ac0000 - 0x00007ffc37ac8000 	C:\WINDOWS\system32\PSAPI.DLL
0x00007ffc28f40000 - 0x00007ffc28f4a000 	C:\WINDOWS\SYSTEM32\VERSION.dll
0x00007ffc349a0000 - 0x00007ffc349c3000 	C:\WINDOWS\SYSTEM32\WINMM.dll
0x00007ffc2a7f0000 - 0x00007ffc2a7f9000 	C:\WINDOWS\SYSTEM32\WSOCK32.dll
0x0000000000810000 - 0x000000000083c000 	C:\WINDOWS\SYSTEM32\WINMMBASE.dll
0x00007ffc39610000 - 0x00007ffc3967b000 	C:\WINDOWS\system32\WS2_32.dll
0x00007ffc36330000 - 0x00007ffc36373000 	C:\WINDOWS\system32\cfgmgr32.dll
0x000000005f560000 - 0x000000005f56f000 	C:\Program Files\Java\jre1.8.0_77\bin\verify.dll
0x000000005f530000 - 0x000000005f559000 	C:\Program Files\Java\jre1.8.0_77\bin\java.dll
0x000000005f510000 - 0x000000005f526000 	C:\Program Files\Java\jre1.8.0_77\bin\zip.dll
0x00007ffc38000000 - 0x00007ffc3955c000 	C:\WINDOWS\system32\SHELL32.dll
0x00007ffc367f0000 - 0x00007ffc36e35000 	C:\WINDOWS\system32\windows.storage.dll
0x00007ffc37080000 - 0x00007ffc370d2000 	C:\WINDOWS\system32\shlwapi.dll
0x00007ffc362c0000 - 0x00007ffc362cf000 	C:\WINDOWS\system32\kernel.appcore.dll
0x00007ffc36f50000 - 0x00007ffc37005000 	C:\WINDOWS\system32\shcore.dll
0x00007ffc362d0000 - 0x00007ffc3631b000 	C:\WINDOWS\system32\powrprof.dll
0x00007ffc362a0000 - 0x00007ffc362b4000 	C:\WINDOWS\system32\profapi.dll
0x00007ffc1cca0000 - 0x00007ffc1ccde000 	C:\Users\Nisarg\Downloads\Leap_Motion_SDK_Windows_2.3.1\LeapDeveloperKit_2.3.1+31549_win\LeapSDK\lib\x64\LeapJava.dll
0x00007ffc1ade0000 - 0x00007ffc1ae86000 	C:\Program Files\Java\jre1.8.0_77\bin\MSVCP120.dll
0x00007ffc1ab20000 - 0x00007ffc1ac0f000 	C:\Program Files\Java\jre1.8.0_77\bin\MSVCR120.dll
0x00007ffc1a570000 - 0x00007ffc1a7ce000 	C:\Users\Nisarg\Downloads\Leap_Motion_SDK_Windows_2.3.1\LeapDeveloperKit_2.3.1+31549_win\LeapSDK\lib\x64\Leap.dll
0x00007ffc35790000 - 0x00007ffc357c1000 	C:\WINDOWS\SYSTEM32\ntmarta.dll
0x00007ffc1b180000 - 0x00007ffc1b29f000 	C:\Users\Nisarg\workspace\myo-java\src\main\resources\x64\myo64.dll
0x00007ffc2d5e0000 - 0x00007ffc2d5ef000 	C:\Users\Nisarg\workspace\myo-java\src\main\resources\x64\JNIJavaMyoLib.dll
0x0000000061840000 - 0x00000000618d8000 	C:\WINDOWS\SYSTEM32\MSVCP100.dll
0x00007ffc11bd0000 - 0x00007ffc11d5c000 	C:\WINDOWS\SYSTEM32\dbghelp.dll

VM Arguments:
jvm_args: -Djava.library.path=C:\Users\Nisarg\workspace\myo-java\src\main\resources\x64;C:\Users\Nisarg\Downloads\Leap_Motion_SDK_Windows_2.3.1\LeapDeveloperKit_2.3.1+31549_win\LeapSDK\lib\x64 -Dfile.encoding=Cp1252 
java_command: Sample
java_class_path (initial): C:\Users\Nisarg\workspace\Hello\bin;C:\Users\Nisarg\Downloads\Leap_Motion_SDK_Windows_2.3.1\LeapDeveloperKit_2.3.1+31549_win\LeapSDK\lib\LeapJava.jar;C:\Users\Nisarg\workspace\myo-java\target\classes;C:\Users\Nisarg\workspace\myo-java\target\test-classes
Launcher Type: SUN_STANDARD

Environment Variables:
USERNAME=Nisarg
OS=Windows_NT
PROCESSOR_IDENTIFIER=Intel64 Family 6 Model 61 Stepping 4, GenuineIntel



---------------  S Y S T E M  ---------------

OS: Windows 10.0 , 64 bit Build 10586 (10.0.10586.0)

CPU:total 4 (2 cores per cpu, 2 threads per core) family 6 model 61 stepping 4, cmov, cx8, fxsr, mmx, sse, sse2, sse3, ssse3, sse4.1, sse4.2, popcnt, avx, avx2, aes, clmul, erms, 3dnowpref, lzcnt, ht, tsc, tscinvbit, bmi1, bmi2, adx

Memory: 4k page, physical 8301712k(3260748k free), swap 10398864k(896304k free)

vm_info: Java HotSpot(TM) 64-Bit Server VM (25.77-b03) for windows-amd64 JRE (1.8.0_77-b03), built on Mar 20 2016 22:01:33 by "java_re" with MS VC++ 10.0 (VS2010)

time: Sat Apr 16 21:40:26 2016
elapsed time: 0 seconds (0d 0h 0m 0s)

